0 info it worked if it ends with ok
1 verbose cli [ '/Users/kyleledbetter/.nvm/versions/node/v6.9.1/bin/node',
1 verbose cli   '/Users/kyleledbetter/.nvm/versions/node/v6.9.1/bin/npm',
1 verbose cli   'run',
1 verbose cli   'stop-api' ]
2 info using npm@3.10.8
3 info using node@v6.9.1
4 verbose run-script [ 'prestop-api', 'stop-api', 'poststop-api' ]
5 info lifecycle covalent-quickstart@0.8.0~prestop-api: covalent-quickstart@0.8.0
6 silly lifecycle covalent-quickstart@0.8.0~prestop-api: no script for prestop-api, continuing
7 info lifecycle covalent-quickstart@0.8.0~stop-api: covalent-quickstart@0.8.0
8 verbose lifecycle covalent-quickstart@0.8.0~stop-api: unsafe-perm in lifecycle true
9 verbose lifecycle covalent-quickstart@0.8.0~stop-api: PATH: /Users/kyleledbetter/.nvm/versions/node/v6.9.1/lib/node_modules/npm/bin/node-gyp-bin:/Users/kyleledbetter/Sites/hippohonk/node_modules/.bin:/Users/kyleledbetter/.rvm/gems/ruby-2.2.1/bin:/Users/kyleledbetter/.rvm/gems/ruby-2.2.1@global/bin:/Users/kyleledbetter/.rvm/rubies/ruby-2.2.1/bin:/Users/kyleledbetter/.nvm/versions/node/v6.9.1/bin:/Users/kyleledbetter/.npm-packages/bin:/usr/local/bin:/usr/bin:/bin:/usr/sbin:/sbin:/Users/kyleledbetter/.rvm/bin
10 verbose lifecycle covalent-quickstart@0.8.0~stop-api: CWD: /Users/kyleledbetter/Sites/hippohonk
11 silly lifecycle covalent-quickstart@0.8.0~stop-api: Args: [ '-c', 'pkill covalent-data' ]
12 silly lifecycle covalent-quickstart@0.8.0~stop-api: Returned: code: 1  signal: null
13 info lifecycle covalent-quickstart@0.8.0~stop-api: Failed to exec stop-api script
14 verbose stack Error: covalent-quickstart@0.8.0 stop-api: `pkill covalent-data`
14 verbose stack Exit status 1
14 verbose stack     at EventEmitter.<anonymous> (/Users/kyleledbetter/.nvm/versions/node/v6.9.1/lib/node_modules/npm/lib/utils/lifecycle.js:255:16)
14 verbose stack     at emitTwo (events.js:106:13)
14 verbose stack     at EventEmitter.emit (events.js:191:7)
14 verbose stack     at ChildProcess.<anonymous> (/Users/kyleledbetter/.nvm/versions/node/v6.9.1/lib/node_modules/npm/lib/utils/spawn.js:40:14)
14 verbose stack     at emitTwo (events.js:106:13)
14 verbose stack     at ChildProcess.emit (events.js:191:7)
14 verbose stack     at maybeClose (internal/child_process.js:877:16)
14 verbose stack     at Process.ChildProcess._handle.onexit (internal/child_process.js:226:5)
15 verbose pkgid covalent-quickstart@0.8.0
16 verbose cwd /Users/kyleledbetter/Sites/hippohonk
17 error Darwin 16.0.0
18 error argv "/Users/kyleledbetter/.nvm/versions/node/v6.9.1/bin/node" "/Users/kyleledbetter/.nvm/versions/node/v6.9.1/bin/npm" "run" "stop-api"
19 error node v6.9.1
20 error npm  v3.10.8
21 error code ELIFECYCLE
22 error covalent-quickstart@0.8.0 stop-api: `pkill covalent-data`
22 error Exit status 1
23 error Failed at the covalent-quickstart@0.8.0 stop-api script 'pkill covalent-data'.
23 error Make sure you have the latest version of node.js and npm installed.
23 error If you do, this is most likely a problem with the covalent-quickstart package,
23 error not with npm itself.
23 error Tell the author that this fails on your system:
23 error     pkill covalent-data
23 error You can get information on how to open an issue for this project with:
23 error     npm bugs covalent-quickstart
23 error Or if that isn't available, you can get their info via:
23 error     npm owner ls covalent-quickstart
23 error There is likely additional logging output above.
24 verbose exit [ 1, true ]
